# JRE version: Java(TM) SE Runtime Environment (8.0-b132) (build 1.8.0-b132)
# Java VM: Java HotSpot(TM) 64-Bit Server VM (25.0-b70 mixed mode bsd-amd64 compressed oops)
Heap:
 PSYoungGen      total 4096K, used 2790K [0x00000007aab00000, 0x00000007ab080000, 0x00000007c0000000)
  eden space 3072K, 90% used [0x00000007aab00000,0x00000007aadb9810,0x00000007aae00000)
  from space 1024K, 0% used [0x00000007aaf00000,0x00000007aaf00000,0x00000007ab000000)
  to   space 1024K, 0% used [0x00000007aae00000,0x00000007aae00000,0x00000007aaf00000)
 ParOldGen       total 64000K, used 2875K [0x0000000780000000, 0x0000000783e80000, 0x00000007aab00000)
  object space 64000K, 4% used [0x0000000780000000,0x00000007802ceee0,0x0000000783e80000)
 Metaspace       used 6995K, capacity 7115K, committed 7168K, reserved 1056768K
  class space    used 678K, capacity 720K, committed 768K, reserved 1048576K
GC Heap History (10 events):
Event: 1.573 GC heap before
{Heap before GC invocations=8 (full 0):
 PSYoungGen      total 2048K, used 1491K [0x00000007aab00000, 0x00000007aaf00000, 0x00000007c0000000)
  eden space 1024K, 100% used [0x00000007aab00000,0x00000007aac00000,0x00000007aac00000)
  from space 1024K, 45% used [0x00000007aac00000,0x00000007aac74d20,0x00000007aad00000)
  to   space 1024K, 0% used [0x00000007aae00000,0x00000007aae00000,0x00000007aaf00000)
 ParOldGen       total 64000K, used 764K [0x0000000780000000, 0x0000000783e80000, 0x00000007aab00000)
  object space 64000K, 1% used [0x0000000780000000,0x00000007800bf220,0x0000000783e80000)
 Metaspace       used 4667K, capacity 5216K, committed 5504K, reserved 1056768K
  class space    used 514K, capacity 528K, committed 640K, reserved 1048576K
Event: 1.574 GC heap after
Heap after GC invocations=8 (full 0):
 PSYoungGen      total 3072K, used 571K [0x00000007aab00000, 0x00000007aaf00000, 0x00000007c0000000)
  eden space 2048K, 0% used [0x00000007aab00000,0x00000007aab00000,0x00000007aad00000)
  from space 1024K, 55% used [0x00000007aae00000,0x00000007aae8efb0,0x00000007aaf00000)
  to   space 1024K, 0% used [0x00000007aad00000,0x00000007aad00000,0x00000007aae00000)
 ParOldGen       total 64000K, used 828K [0x0000000780000000, 0x0000000783e80000, 0x00000007aab00000)
  object space 64000K, 1% used [0x0000000780000000,0x00000007800cf220,0x0000000783e80000)
 Metaspace       used 4667K, capacity 5216K, committed 5504K, reserved 1056768K
  class space    used 514K, capacity 528K, committed 640K, reserved 1048576K
}
Event: 1.751 GC heap before
{Heap before GC invocations=9 (full 0):
 PSYoungGen      total 3072K, used 2619K [0x00000007aab00000, 0x00000007aaf00000, 0x00000007c0000000)
  eden space 2048K, 100% used [0x00000007aab00000,0x00000007aad00000,0x00000007aad00000)
  from space 1024K, 55% used [0x00000007aae00000,0x00000007aae8efb0,0x00000007aaf00000)
  to   space 1024K, 0% used [0x00000007aad00000,0x00000007aad00000,0x00000007aae00000)
 ParOldGen       total 64000K, used 828K [0x0000000780000000, 0x0000000783e80000, 0x00000007aab00000)
  object space 64000K, 1% used [0x0000000780000000,0x00000007800cf220,0x0000000783e80000)
 Metaspace       used 5571K, capacity 5851K, committed 6016K, reserved 1056768K
  class space    used 580K, capacity 624K, committed 640K, reserved 1048576K
Event: 1.753 GC heap after
Heap after GC invocations=9 (full 0):
 PSYoungGen      total 3072K, used 544K [0x00000007aab00000, 0x00000007ab080000, 0x00000007c0000000)
  eden space 2048K, 0% used [0x00000007aab00000,0x00000007aab00000,0x00000007aad00000)
  from space 1024K, 53% used [0x00000007aad00000,0x00000007aad88000,0x00000007aae00000)
  to   space 1024K, 0% used [0x00000007aaf80000,0x00000007aaf80000,0x00000007ab080000)
 ParOldGen       total 64000K, used 996K [0x0000000780000000, 0x0000000783e80000, 0x00000007aab00000)
  object space 64000K, 1% used [0x0000000780000000,0x00000007800f9230,0x0000000783e80000)
 Metaspace       used 5571K, capacity 5851K, committed 6016K, reserved 1056768K
  class space    used 580K, capacity 624K, committed 640K, reserved 1048576K
}
Event: 1.959 GC heap before
{Heap before GC invocations=10 (full 0):
 PSYoungGen      total 3072K, used 2589K [0x00000007aab00000, 0x00000007ab080000, 0x00000007c0000000)
  eden space 2048K, 99% used [0x00000007aab00000,0x00000007aacff488,0x00000007aad00000)
  from space 1024K, 53% used [0x00000007aad00000,0x00000007aad88000,0x00000007aae00000)
  to   space 1024K, 0% used [0x00000007aaf80000,0x00000007aaf80000,0x00000007ab080000)
 ParOldGen       total 64000K, used 996K [0x0000000780000000, 0x0000000783e80000, 0x00000007aab00000)
  object space 64000K, 1% used [0x0000000780000000,0x00000007800f9230,0x0000000783e80000)
 Metaspace       used 6252K, capacity 6347K, committed 6656K, reserved 1056768K
  class space    used 626K, capacity 656K, committed 768K, reserved 1048576K
Event: 1.961 GC heap after
Heap after GC invocations=10 (full 0):
 PSYoungGen      total 3072K, used 814K [0x00000007aab00000, 0x00000007ab080000, 0x00000007c0000000)
  eden space 2048K, 0% used [0x00000007aab00000,0x00000007aab00000,0x00000007aad00000)
  from space 1024K, 79% used [0x00000007aaf80000,0x00000007ab04bbc0,0x00000007ab080000)
  to   space 1024K, 0% used [0x00000007aad00000,0x00000007aad00000,0x00000007aae00000)
 ParOldGen       total 64000K, used 1172K [0x0000000780000000, 0x0000000783e80000, 0x00000007aab00000)
  object space 64000K, 1% used [0x0000000780000000,0x0000000780125240,0x0000000783e80000)
 Metaspace       used 6252K, capacity 6347K, committed 6656K, reserved 1056768K
  class space    used 626K, capacity 656K, committed 768K, reserved 1048576K
}
Event: 2.238 GC heap before
{Heap before GC invocations=11 (full 0):
 PSYoungGen      total 3072K, used 2812K [0x00000007aab00000, 0x00000007ab080000, 0x00000007c0000000)
  eden space 2048K, 97% used [0x00000007aab00000,0x00000007aacf34b8,0x00000007aad00000)
  from space 1024K, 79% used [0x00000007aaf80000,0x00000007ab04bbc0,0x00000007ab080000)
  to   space 1024K, 0% used [0x00000007aad00000,0x00000007aad00000,0x00000007aae00000)
 ParOldGen       total 64000K, used 1172K [0x0000000780000000, 0x0000000783e80000, 0x00000007aab00000)
  object space 64000K, 1% used [0x0000000780000000,0x0000000780125240,0x0000000783e80000)
 Metaspace       used 6366K, capacity 6475K, committed 6656K, reserved 1056768K
  class space    used 633K, capacity 656K, committed 768K, reserved 1048576K
Event: 2.259 GC heap after
Heap after GC invocations=11 (full 0):
 PSYoungGen      total 3072K, used 640K [0x00000007aab00000, 0x00000007ab000000, 0x00000007c0000000)
  eden space 2048K, 0% used [0x00000007aab00000,0x00000007aab00000,0x00000007aad00000)
  from space 1024K, 62% used [0x00000007aad00000,0x00000007aada0020,0x00000007aae00000)
  to   space 1024K, 0% used [0x00000007aaf00000,0x00000007aaf00000,0x00000007ab000000)
 ParOldGen       total 64000K, used 1531K [0x0000000780000000, 0x0000000783e80000, 0x00000007aab00000)
  object space 64000K, 2% used [0x0000000780000000,0x000000078017eec0,0x0000000783e80000)
 Metaspace       used 6366K, capacity 6475K, committed 6656K, reserved 1056768K
  class space    used 633K, capacity 656K, committed 768K, reserved 1048576K
}
Event: 2.319 GC heap before
{Heap before GC invocations=12 (full 0):
 PSYoungGen      total 3072K, used 2194K [0x00000007aab00000, 0x00000007ab000000, 0x00000007c0000000)
  eden space 2048K, 75% used [0x00000007aab00000,0x00000007aac84840,0x00000007aad00000)
  from space 1024K, 62% used [0x00000007aad00000,0x00000007aada0020,0x00000007aae00000)
  to   space 1024K, 0% used [0x00000007aaf00000,0x00000007aaf00000,0x00000007ab000000)
 ParOldGen       total 64000K, used 1531K [0x0000000780000000, 0x0000000783e80000, 0x00000007aab00000)
  object space 64000K, 2% used [0x0000000780000000,0x000000078017eec0,0x0000000783e80000)
 Metaspace       used 6367K, capacity 6475K, committed 6656K, reserved 1056768K
  class space    used 633K, capacity 656K, committed 768K, reserved 1048576K
Event: 2.321 GC heap after
Heap after GC invocations=12 (full 0):
 PSYoungGen      total 4096K, used 0K [0x00000007aab00000, 0x00000007ab080000, 0x00000007c0000000)
  eden space 3072K, 0% used [0x00000007aab00000,0x00000007aab00000,0x00000007aae00000)
  from space 1024K, 0% used [0x00000007aaf00000,0x00000007aaf00000,0x00000007ab000000)
  to   space 1024K, 0% used [0x00000007aae00000,0x00000007aae00000,0x00000007aaf00000)
 ParOldGen       total 64000K, used 2875K [0x0000000780000000, 0x0000000783e80000, 0x00000007aab00000)
  object space 64000K, 4% used [0x0000000780000000,0x00000007802ceee0,0x0000000783e80000)
 Metaspace       used 6367K, capacity 6475K, committed 6656K, reserved 1056768K
  class space    used 633K, capacity 656K, committed 768K, reserved 1048576K
}

