# JRE version: Java(TM) SE Runtime Environment (8.0-b132) (build 1.8.0-b132)
# Java VM: Java HotSpot(TM) 64-Bit Server VM (25.0-b70 mixed mode bsd-amd64 compressed oops)
Heap:
 PSYoungGen      total 4608K, used 2927K [0x00000007aab00000, 0x00000007ab080000, 0x00000007c0000000)
  eden space 3584K, 56% used [0x00000007aab00000,0x00000007aacf97d0,0x00000007aae80000)
  from space 1024K, 88% used [0x00000007aae80000,0x00000007aaf627a8,0x00000007aaf80000)
  to   space 1024K, 0% used [0x00000007aaf80000,0x00000007aaf80000,0x00000007ab080000)
 ParOldGen       total 64000K, used 2547K [0x0000000780000000, 0x0000000783e80000, 0x00000007aab00000)
  object space 64000K, 3% used [0x0000000780000000,0x000000078027cd98,0x0000000783e80000)
 Metaspace       used 7724K, capacity 7883K, committed 8064K, reserved 1056768K
  class space    used 747K, capacity 784K, committed 896K, reserved 1048576K
GC Heap History (10 events):
Event: 4.713 GC heap before
{Heap before GC invocations=19 (full 0):
 PSYoungGen      total 2560K, used 1881K [0x00000007aab00000, 0x00000007aae80000, 0x00000007c0000000)
  eden space 1536K, 99% used [0x00000007aab00000,0x00000007aac7e510,0x00000007aac80000)
  from space 1024K, 34% used [0x00000007aad80000,0x00000007aadd7ef0,0x00000007aae80000)
  to   space 1024K, 0% used [0x00000007aac80000,0x00000007aac80000,0x00000007aad80000)
 ParOldGen       total 64000K, used 1646K [0x0000000780000000, 0x0000000783e80000, 0x00000007aab00000)
  object space 64000K, 2% used [0x0000000780000000,0x000000078019b868,0x0000000783e80000)
 Metaspace       used 6605K, capacity 6811K, committed 6912K, reserved 1056768K
  class space    used 646K, capacity 688K, committed 768K, reserved 1048576K
Event: 4.714 GC heap after
Heap after GC invocations=19 (full 0):
 PSYoungGen      total 2560K, used 256K [0x00000007aab00000, 0x00000007aaf80000, 0x00000007c0000000)
  eden space 1536K, 0% used [0x00000007aab00000,0x00000007aab00000,0x00000007aac80000)
  from space 1024K, 25% used [0x00000007aac80000,0x00000007aacc0000,0x00000007aad80000)
  to   space 1024K, 0% used [0x00000007aae80000,0x00000007aae80000,0x00000007aaf80000)
 ParOldGen       total 64000K, used 1764K [0x0000000780000000, 0x0000000783e80000, 0x00000007aab00000)
  object space 64000K, 2% used [0x0000000780000000,0x00000007801b90f8,0x0000000783e80000)
 Metaspace       used 6605K, capacity 6811K, committed 6912K, reserved 1056768K
  class space    used 646K, capacity 688K, committed 768K, reserved 1048576K
}
Event: 4.830 GC heap before
{Heap before GC invocations=20 (full 0):
 PSYoungGen      total 2560K, used 1792K [0x00000007aab00000, 0x00000007aaf80000, 0x00000007c0000000)
  eden space 1536K, 100% used [0x00000007aab00000,0x00000007aac80000,0x00000007aac80000)
  from space 1024K, 25% used [0x00000007aac80000,0x00000007aacc0000,0x00000007aad80000)
  to   space 1024K, 0% used [0x00000007aae80000,0x00000007aae80000,0x00000007aaf80000)
 ParOldGen       total 64000K, used 1764K [0x0000000780000000, 0x0000000783e80000, 0x00000007aab00000)
  object space 64000K, 2% used [0x0000000780000000,0x00000007801b90f8,0x0000000783e80000)
 Metaspace       used 6908K, capacity 6951K, committed 7168K, reserved 1056768K
  class space    used 678K, capacity 688K, committed 768K, reserved 1048576K
Event: 4.831 GC heap after
Heap after GC invocations=20 (full 0):
 PSYoungGen      total 3584K, used 343K [0x00000007aab00000, 0x00000007aaf80000, 0x00000007c0000000)
  eden space 2560K, 0% used [0x00000007aab00000,0x00000007aab00000,0x00000007aad80000)
  from space 1024K, 33% used [0x00000007aae80000,0x00000007aaed5d80,0x00000007aaf80000)
  to   space 1024K, 0% used [0x00000007aad80000,0x00000007aad80000,0x00000007aae80000)
 ParOldGen       total 64000K, used 1807K [0x0000000780000000, 0x0000000783e80000, 0x00000007aab00000)
  object space 64000K, 2% used [0x0000000780000000,0x00000007801c3e40,0x0000000783e80000)
 Metaspace       used 6908K, capacity 6951K, committed 7168K, reserved 1056768K
  class space    used 678K, capacity 688K, committed 768K, reserved 1048576K
}
Event: 4.922 GC heap before
{Heap before GC invocations=21 (full 0):
 PSYoungGen      total 3584K, used 2903K [0x00000007aab00000, 0x00000007aaf80000, 0x00000007c0000000)
  eden space 2560K, 100% used [0x00000007aab00000,0x00000007aad80000,0x00000007aad80000)
  from space 1024K, 33% used [0x00000007aae80000,0x00000007aaed5d80,0x00000007aaf80000)
  to   space 1024K, 0% used [0x00000007aad80000,0x00000007aad80000,0x00000007aae80000)
 ParOldGen       total 64000K, used 1807K [0x0000000780000000, 0x0000000783e80000, 0x00000007aab00000)
  object space 64000K, 2% used [0x0000000780000000,0x00000007801c3e40,0x0000000783e80000)
 Metaspace       used 7183K, capacity 7307K, committed 7424K, reserved 1056768K
  class space    used 704K, capacity 720K, committed 768K, reserved 1048576K
Event: 4.924 GC heap after
Heap after GC invocations=21 (full 0):
 PSYoungGen      total 3584K, used 779K [0x00000007aab00000, 0x00000007ab080000, 0x00000007c0000000)
  eden space 2560K, 0% used [0x00000007aab00000,0x00000007aab00000,0x00000007aad80000)
  from space 1024K, 76% used [0x00000007aad80000,0x00000007aae42cf0,0x00000007aae80000)
  to   space 1024K, 0% used [0x00000007aaf80000,0x00000007aaf80000,0x00000007ab080000)
 ParOldGen       total 64000K, used 1903K [0x0000000780000000, 0x0000000783e80000, 0x00000007aab00000)
  object space 64000K, 2% used [0x0000000780000000,0x00000007801dbdc0,0x0000000783e80000)
 Metaspace       used 7183K, capacity 7307K, committed 7424K, reserved 1056768K
  class space    used 704K, capacity 720K, committed 768K, reserved 1048576K
}
Event: 15.294 GC heap before
{Heap before GC invocations=22 (full 0):
 PSYoungGen      total 3584K, used 3339K [0x00000007aab00000, 0x00000007ab080000, 0x00000007c0000000)
  eden space 2560K, 100% used [0x00000007aab00000,0x00000007aad80000,0x00000007aad80000)
  from space 1024K, 76% used [0x00000007aad80000,0x00000007aae42cf0,0x00000007aae80000)
  to   space 1024K, 0% used [0x00000007aaf80000,0x00000007aaf80000,0x00000007ab080000)
 ParOldGen       total 64000K, used 1903K [0x0000000780000000, 0x0000000783e80000, 0x00000007aab00000)
  object space 64000K, 2% used [0x0000000780000000,0x00000007801dbdc0,0x0000000783e80000)
 Metaspace       used 7644K, capacity 7755K, committed 8064K, reserved 1056768K
  class space    used 743K, capacity 784K, committed 896K, reserved 1048576K
Event: 15.296 GC heap after
Heap after GC invocations=22 (full 0):
 PSYoungGen      total 4608K, used 488K [0x00000007aab00000, 0x00000007ab080000, 0x00000007c0000000)
  eden space 3584K, 0% used [0x00000007aab00000,0x00000007aab00000,0x00000007aae80000)
  from space 1024K, 47% used [0x00000007aaf80000,0x00000007aaffa0c0,0x00000007ab080000)
  to   space 1024K, 0% used [0x00000007aae80000,0x00000007aae80000,0x00000007aaf80000)
 ParOldGen       total 64000K, used 2265K [0x0000000780000000, 0x0000000783e80000, 0x00000007aab00000)
  object space 64000K, 3% used [0x0000000780000000,0x0000000780236770,0x0000000783e80000)
 Metaspace       used 7644K, capacity 7755K, committed 8064K, reserved 1056768K
  class space    used 743K, capacity 784K, committed 896K, reserved 1048576K
}
Event: 27.151 GC heap before
{Heap before GC invocations=23 (full 0):
 PSYoungGen      total 4608K, used 4072K [0x00000007aab00000, 0x00000007ab080000, 0x00000007c0000000)
  eden space 3584K, 100% used [0x00000007aab00000,0x00000007aae80000,0x00000007aae80000)
  from space 1024K, 47% used [0x00000007aaf80000,0x00000007aaffa0c0,0x00000007ab080000)
  to   space 1024K, 0% used [0x00000007aae80000,0x00000007aae80000,0x00000007aaf80000)
 ParOldGen       total 64000K, used 2265K [0x0000000780000000, 0x0000000783e80000, 0x00000007aab00000)
  object space 64000K, 3% used [0x0000000780000000,0x0000000780236770,0x0000000783e80000)
 Metaspace       used 7701K, capacity 7755K, committed 8064K, reserved 1056768K
  class space    used 746K, capacity 784K, committed 896K, reserved 1048576K
Event: 27.153 GC heap after
Heap after GC invocations=23 (full 0):
 PSYoungGen      total 4608K, used 905K [0x00000007aab00000, 0x00000007ab080000, 0x00000007c0000000)
  eden space 3584K, 0% used [0x00000007aab00000,0x00000007aab00000,0x00000007aae80000)
  from space 1024K, 88% used [0x00000007aae80000,0x00000007aaf627a8,0x00000007aaf80000)
  to   space 1024K, 0% used [0x00000007aaf80000,0x00000007aaf80000,0x00000007ab080000)
 ParOldGen       total 64000K, used 2547K [0x0000000780000000, 0x0000000783e80000, 0x00000007aab00000)
  object space 64000K, 3% used [0x0000000780000000,0x000000078027cd98,0x0000000783e80000)
 Metaspace       used 7701K, capacity 7755K, committed 8064K, reserved 1056768K
  class space    used 746K, capacity 784K, committed 896K, reserved 1048576K
}

