# JRE version: Java(TM) SE Runtime Environment (8.0-b132) (build 1.8.0-b132)
# Java VM: Java HotSpot(TM) 64-Bit Server VM (25.0-b70 mixed mode bsd-amd64 compressed oops)
Heap:
 PSYoungGen      total 8192K, used 5836K [0x00000007aab00000, 0x00000007ab980000, 0x00000007c0000000)
  eden space 6656K, 64% used [0x00000007aab00000,0x00000007aaf39408,0x00000007ab180000)
  from space 1536K, 98% used [0x00000007ab180000,0x00000007ab2f9e70,0x00000007ab300000)
  to   space 2048K, 0% used [0x00000007ab780000,0x00000007ab780000,0x00000007ab980000)
 ParOldGen       total 64000K, used 2258K [0x0000000780000000, 0x0000000783e80000, 0x00000007aab00000)
  object space 64000K, 3% used [0x0000000780000000,0x0000000780234988,0x0000000783e80000)
 Metaspace       used 8254K, capacity 8347K, committed 8576K, reserved 1056768K
  class space    used 796K, capacity 816K, committed 896K, reserved 1048576K
GC Heap History (10 events):
Event: 0.507 GC heap before
{Heap before GC invocations=7 (full 0):
 PSYoungGen      total 3072K, used 2836K [0x00000007aab00000, 0x00000007aaf00000, 0x00000007c0000000)
  eden space 2048K, 100% used [0x00000007aab00000,0x00000007aad00000,0x00000007aad00000)
  from space 1024K, 77% used [0x00000007aae00000,0x00000007aaec51f8,0x00000007aaf00000)
  to   space 1024K, 0% used [0x00000007aad00000,0x00000007aad00000,0x00000007aae00000)
 ParOldGen       total 64000K, used 548K [0x0000000780000000, 0x0000000783e80000, 0x00000007aab00000)
  object space 64000K, 0% used [0x0000000780000000,0x00000007800890b0,0x0000000783e80000)
 Metaspace       used 5071K, capacity 5408K, committed 5504K, reserved 1056768K
  class space    used 558K, capacity 592K, committed 640K, reserved 1048576K
Event: 0.509 GC heap after
Heap after GC invocations=7 (full 0):
 PSYoungGen      total 3072K, used 699K [0x00000007aab00000, 0x00000007ab100000, 0x00000007c0000000)
  eden space 2048K, 0% used [0x00000007aab00000,0x00000007aab00000,0x00000007aad00000)
  from space 1024K, 68% used [0x00000007aad00000,0x00000007aadaefb0,0x00000007aae00000)
  to   space 1024K, 0% used [0x00000007ab000000,0x00000007ab000000,0x00000007ab100000)
 ParOldGen       total 64000K, used 913K [0x0000000780000000, 0x0000000783e80000, 0x00000007aab00000)
  object space 64000K, 1% used [0x0000000780000000,0x00000007800e4720,0x0000000783e80000)
 Metaspace       used 5071K, capacity 5408K, committed 5504K, reserved 1056768K
  class space    used 558K, capacity 592K, committed 640K, reserved 1048576K
}
Event: 0.806 GC heap before
{Heap before GC invocations=8 (full 0):
 PSYoungGen      total 3072K, used 2740K [0x00000007aab00000, 0x00000007ab100000, 0x00000007c0000000)
  eden space 2048K, 99% used [0x00000007aab00000,0x00000007aacfe408,0x00000007aad00000)
  from space 1024K, 68% used [0x00000007aad00000,0x00000007aadaefb0,0x00000007aae00000)
  to   space 1024K, 0% used [0x00000007ab000000,0x00000007ab000000,0x00000007ab100000)
 ParOldGen       total 64000K, used 913K [0x0000000780000000, 0x0000000783e80000, 0x00000007aab00000)
  object space 64000K, 1% used [0x0000000780000000,0x00000007800e4720,0x0000000783e80000)
 Metaspace       used 5830K, capacity 6043K, committed 6272K, reserved 1056768K
  class space    used 589K, capacity 624K, committed 640K, reserved 1048576K
Event: 0.808 GC heap after
Heap after GC invocations=8 (full 0):
 PSYoungGen      total 5120K, used 793K [0x00000007aab00000, 0x00000007ab100000, 0x00000007c0000000)
  eden space 4096K, 0% used [0x00000007aab00000,0x00000007aab00000,0x00000007aaf00000)
  from space 1024K, 77% used [0x00000007ab000000,0x00000007ab0c6410,0x00000007ab100000)
  to   space 1024K, 0% used [0x00000007aaf00000,0x00000007aaf00000,0x00000007ab000000)
 ParOldGen       total 64000K, used 994K [0x0000000780000000, 0x0000000783e80000, 0x00000007aab00000)
  object space 64000K, 1% used [0x0000000780000000,0x00000007800f8be8,0x0000000783e80000)
 Metaspace       used 5830K, capacity 6043K, committed 6272K, reserved 1056768K
  class space    used 589K, capacity 624K, committed 640K, reserved 1048576K
}
Event: 6.119 GC heap before
{Heap before GC invocations=9 (full 0):
 PSYoungGen      total 5120K, used 4769K [0x00000007aab00000, 0x00000007ab100000, 0x00000007c0000000)
  eden space 4096K, 97% used [0x00000007aab00000,0x00000007aaee2058,0x00000007aaf00000)
  from space 1024K, 77% used [0x00000007ab000000,0x00000007ab0c6410,0x00000007ab100000)
  to   space 1024K, 0% used [0x00000007aaf00000,0x00000007aaf00000,0x00000007ab000000)
 ParOldGen       total 64000K, used 994K [0x0000000780000000, 0x0000000783e80000, 0x00000007aab00000)
  object space 64000K, 1% used [0x0000000780000000,0x00000007800f8be8,0x0000000783e80000)
 Metaspace       used 6910K, capacity 7035K, committed 7168K, reserved 1056768K
  class space    used 669K, capacity 720K, committed 768K, reserved 1048576K
Event: 6.121 GC heap after
Heap after GC invocations=9 (full 0):
 PSYoungGen      total 5120K, used 1006K [0x00000007aab00000, 0x00000007ab480000, 0x00000007c0000000)
  eden space 4096K, 0% used [0x00000007aab00000,0x00000007aab00000,0x00000007aaf00000)
  from space 1024K, 98% used [0x00000007aaf00000,0x00000007aaffb8c0,0x00000007ab000000)
  to   space 1536K, 0% used [0x00000007ab300000,0x00000007ab300000,0x00000007ab480000)
 ParOldGen       total 64000K, used 1728K [0x0000000780000000, 0x0000000783e80000, 0x00000007aab00000)
  object space 64000K, 2% used [0x0000000780000000,0x00000007801b0110,0x0000000783e80000)
 Metaspace       used 6910K, capacity 7035K, committed 7168K, reserved 1056768K
  class space    used 669K, capacity 720K, committed 768K, reserved 1048576K
}
Event: 6.245 GC heap before
{Heap before GC invocations=10 (full 0):
 PSYoungGen      total 5120K, used 5100K [0x00000007aab00000, 0x00000007ab480000, 0x00000007c0000000)
  eden space 4096K, 99% used [0x00000007aab00000,0x00000007aaeff7f0,0x00000007aaf00000)
  from space 1024K, 98% used [0x00000007aaf00000,0x00000007aaffb8c0,0x00000007ab000000)
  to   space 1536K, 0% used [0x00000007ab300000,0x00000007ab300000,0x00000007ab480000)
 ParOldGen       total 64000K, used 1728K [0x0000000780000000, 0x0000000783e80000, 0x00000007aab00000)
  object space 64000K, 2% used [0x0000000780000000,0x00000007801b0110,0x0000000783e80000)
 Metaspace       used 7138K, capacity 7259K, committed 7424K, reserved 1056768K
  class space    used 695K, capacity 752K, committed 768K, reserved 1048576K
Event: 6.246 GC heap after
Heap after GC invocations=10 (full 0):
 PSYoungGen      total 8192K, used 529K [0x00000007aab00000, 0x00000007ab480000, 0x00000007c0000000)
  eden space 6656K, 0% used [0x00000007aab00000,0x00000007aab00000,0x00000007ab180000)
  from space 1536K, 34% used [0x00000007ab300000,0x00000007ab384480,0x00000007ab480000)
  to   space 1536K, 0% used [0x00000007ab180000,0x00000007ab180000,0x00000007ab300000)
 ParOldGen       total 64000K, used 2032K [0x0000000780000000, 0x0000000783e80000, 0x00000007aab00000)
  object space 64000K, 3% used [0x0000000780000000,0x00000007801fc0f8,0x0000000783e80000)
 Metaspace       used 7138K, capacity 7259K, committed 7424K, reserved 1056768K
  class space    used 695K, capacity 752K, committed 768K, reserved 1048576K
}
Event: 7.594 GC heap before
{Heap before GC invocations=11 (full 0):
 PSYoungGen      total 8192K, used 7185K [0x00000007aab00000, 0x00000007ab480000, 0x00000007c0000000)
  eden space 6656K, 100% used [0x00000007aab00000,0x00000007ab180000,0x00000007ab180000)
  from space 1536K, 34% used [0x00000007ab300000,0x00000007ab384480,0x00000007ab480000)
  to   space 1536K, 0% used [0x00000007ab180000,0x00000007ab180000,0x00000007ab300000)
 ParOldGen       total 64000K, used 2032K [0x0000000780000000, 0x0000000783e80000, 0x00000007aab00000)
  object space 64000K, 3% used [0x0000000780000000,0x00000007801fc0f8,0x0000000783e80000)
 Metaspace       used 7973K, capacity 8027K, committed 8320K, reserved 1056768K
  class space    used 787K, capacity 816K, committed 896K, reserved 1048576K
Event: 7.598 GC heap after
Heap after GC invocations=11 (full 0):
 PSYoungGen      total 8192K, used 1511K [0x00000007aab00000, 0x00000007ab980000, 0x00000007c0000000)
  eden space 6656K, 0% used [0x00000007aab00000,0x00000007aab00000,0x00000007ab180000)
  from space 1536K, 98% used [0x00000007ab180000,0x00000007ab2f9e70,0x00000007ab300000)
  to   space 2048K, 0% used [0x00000007ab780000,0x00000007ab780000,0x00000007ab980000)
 ParOldGen       total 64000K, used 2258K [0x0000000780000000, 0x0000000783e80000, 0x00000007aab00000)
  object space 64000K, 3% used [0x0000000780000000,0x0000000780234988,0x0000000783e80000)
 Metaspace       used 7973K, capacity 8027K, committed 8320K, reserved 1056768K
  class space    used 787K, capacity 816K, committed 896K, reserved 1048576K
}

