# JRE version: Java(TM) SE Runtime Environment (8.0-b132) (build 1.8.0-b132)
# Java VM: Java HotSpot(TM) 64-Bit Server VM (25.0-b70 mixed mode bsd-amd64 compressed oops)
Heap:
 PSYoungGen      total 1536K, used 484K [0x00000007aab00000, 0x00000007aad80000, 0x00000007c0000000)
  eden space 512K, 57% used [0x00000007aab00000,0x00000007aab49398,0x00000007aab80000)
  from space 1024K, 18% used [0x00000007aac80000,0x00000007aacb0000,0x00000007aad80000)
  to   space 1024K, 0% used [0x00000007aab80000,0x00000007aab80000,0x00000007aac80000)
 ParOldGen       total 64000K, used 1291K [0x0000000780000000, 0x0000000783e80000, 0x00000007aab00000)
  object space 64000K, 2% used [0x0000000780000000,0x0000000780142f90,0x0000000783e80000)
 Metaspace       used 5217K, capacity 5504K, committed 5760K, reserved 1056768K
  class space    used 575K, capacity 624K, committed 640K, reserved 1048576K
GC Heap History (10 events):
Event: 13.955 GC heap before
{Heap before GC invocations=8 (full 0):
 PSYoungGen      total 1536K, used 928K [0x00000007aab00000, 0x00000007aad80000, 0x00000007c0000000)
  eden space 512K, 100% used [0x00000007aab00000,0x00000007aab80000,0x00000007aab80000)
  from space 1024K, 40% used [0x00000007aab80000,0x00000007aabe8000,0x00000007aac80000)
  to   space 1024K, 0% used [0x00000007aac80000,0x00000007aac80000,0x00000007aad80000)
 ParOldGen       total 64000K, used 787K [0x0000000780000000, 0x0000000783e80000, 0x00000007aab00000)
  object space 64000K, 1% used [0x0000000780000000,0x00000007800c4f70,0x0000000783e80000)
 Metaspace       used 4404K, capacity 5024K, committed 5248K, reserved 1056768K
  class space    used 491K, capacity 528K, committed 640K, reserved 1048576K
Event: 13.956 GC heap after
Heap after GC invocations=8 (full 0):
 PSYoungGen      total 1536K, used 403K [0x00000007aab00000, 0x00000007aad80000, 0x00000007c0000000)
  eden space 512K, 0% used [0x00000007aab00000,0x00000007aab00000,0x00000007aab80000)
  from space 1024K, 39% used [0x00000007aac80000,0x00000007aace4d20,0x00000007aad80000)
  to   space 1024K, 0% used [0x00000007aab80000,0x00000007aab80000,0x00000007aac80000)
 ParOldGen       total 64000K, used 867K [0x0000000780000000, 0x0000000783e80000, 0x00000007aab00000)
  object space 64000K, 1% used [0x0000000780000000,0x00000007800d8f70,0x0000000783e80000)
 Metaspace       used 4404K, capacity 5024K, committed 5248K, reserved 1056768K
  class space    used 491K, capacity 528K, committed 640K, reserved 1048576K
}
Event: 14.755 GC heap before
{Heap before GC invocations=9 (full 0):
 PSYoungGen      total 1536K, used 915K [0x00000007aab00000, 0x00000007aad80000, 0x00000007c0000000)
  eden space 512K, 100% used [0x00000007aab00000,0x00000007aab80000,0x00000007aab80000)
  from space 1024K, 39% used [0x00000007aac80000,0x00000007aace4d20,0x00000007aad80000)
  to   space 1024K, 0% used [0x00000007aab80000,0x00000007aab80000,0x00000007aac80000)
 ParOldGen       total 64000K, used 867K [0x0000000780000000, 0x0000000783e80000, 0x00000007aab00000)
  object space 64000K, 1% used [0x0000000780000000,0x00000007800d8f70,0x0000000783e80000)
 Metaspace       used 4535K, capacity 5088K, committed 5248K, reserved 1056768K
  class space    used 503K, capacity 528K, committed 640K, reserved 1048576K
Event: 14.756 GC heap after
Heap after GC invocations=9 (full 0):
 PSYoungGen      total 1536K, used 283K [0x00000007aab00000, 0x00000007aad80000, 0x00000007c0000000)
  eden space 512K, 0% used [0x00000007aab00000,0x00000007aab00000,0x00000007aab80000)
  from space 1024K, 27% used [0x00000007aab80000,0x00000007aabc6fb0,0x00000007aac80000)
  to   space 1024K, 0% used [0x00000007aac80000,0x00000007aac80000,0x00000007aad80000)
 ParOldGen       total 64000K, used 1051K [0x0000000780000000, 0x0000000783e80000, 0x00000007aab00000)
  object space 64000K, 1% used [0x0000000780000000,0x0000000780106f80,0x0000000783e80000)
 Metaspace       used 4535K, capacity 5088K, committed 5248K, reserved 1056768K
  class space    used 503K, capacity 528K, committed 640K, reserved 1048576K
}
Event: 15.185 GC heap before
{Heap before GC invocations=10 (full 0):
 PSYoungGen      total 1536K, used 795K [0x00000007aab00000, 0x00000007aad80000, 0x00000007c0000000)
  eden space 512K, 100% used [0x00000007aab00000,0x00000007aab80000,0x00000007aab80000)
  from space 1024K, 27% used [0x00000007aab80000,0x00000007aabc6fb0,0x00000007aac80000)
  to   space 1024K, 0% used [0x00000007aac80000,0x00000007aac80000,0x00000007aad80000)
 ParOldGen       total 64000K, used 1051K [0x0000000780000000, 0x0000000783e80000, 0x00000007aab00000)
  object space 64000K, 1% used [0x0000000780000000,0x0000000780106f80,0x0000000783e80000)
 Metaspace       used 4668K, capacity 5216K, committed 5504K, reserved 1056768K
  class space    used 513K, capacity 528K, committed 640K, reserved 1048576K
Event: 15.186 GC heap after
Heap after GC invocations=10 (full 0):
 PSYoungGen      total 1536K, used 209K [0x00000007aab00000, 0x00000007aad80000, 0x00000007c0000000)
  eden space 512K, 0% used [0x00000007aab00000,0x00000007aab00000,0x00000007aab80000)
  from space 1024K, 20% used [0x00000007aac80000,0x00000007aacb4578,0x00000007aad80000)
  to   space 1024K, 0% used [0x00000007aab80000,0x00000007aab80000,0x00000007aac80000)
 ParOldGen       total 64000K, used 1163K [0x0000000780000000, 0x0000000783e80000, 0x00000007aab00000)
  object space 64000K, 1% used [0x0000000780000000,0x0000000780122f90,0x0000000783e80000)
 Metaspace       used 4668K, capacity 5216K, committed 5504K, reserved 1056768K
  class space    used 513K, capacity 528K, committed 640K, reserved 1048576K
}
Event: 15.435 GC heap before
{Heap before GC invocations=11 (full 0):
 PSYoungGen      total 1536K, used 721K [0x00000007aab00000, 0x00000007aad80000, 0x00000007c0000000)
  eden space 512K, 100% used [0x00000007aab00000,0x00000007aab80000,0x00000007aab80000)
  from space 1024K, 20% used [0x00000007aac80000,0x00000007aacb4578,0x00000007aad80000)
  to   space 1024K, 0% used [0x00000007aab80000,0x00000007aab80000,0x00000007aac80000)
 ParOldGen       total 64000K, used 1163K [0x0000000780000000, 0x0000000783e80000, 0x00000007aab00000)
  object space 64000K, 1% used [0x0000000780000000,0x0000000780122f90,0x0000000783e80000)
 Metaspace       used 4854K, capacity 5312K, committed 5504K, reserved 1056768K
  class space    used 537K, capacity 560K, committed 640K, reserved 1048576K
Event: 15.436 GC heap after
Heap after GC invocations=11 (full 0):
 PSYoungGen      total 1536K, used 179K [0x00000007aab00000, 0x00000007aad80000, 0x00000007c0000000)
  eden space 512K, 0% used [0x00000007aab00000,0x00000007aab00000,0x00000007aab80000)
  from space 1024K, 17% used [0x00000007aab80000,0x00000007aabacd60,0x00000007aac80000)
  to   space 1024K, 0% used [0x00000007aac80000,0x00000007aac80000,0x00000007aad80000)
 ParOldGen       total 64000K, used 1251K [0x0000000780000000, 0x0000000783e80000, 0x00000007aab00000)
  object space 64000K, 1% used [0x0000000780000000,0x0000000780138f90,0x0000000783e80000)
 Metaspace       used 4854K, capacity 5312K, committed 5504K, reserved 1056768K
  class space    used 537K, capacity 560K, committed 640K, reserved 1048576K
}
Event: 15.993 GC heap before
{Heap before GC invocations=12 (full 0):
 PSYoungGen      total 1536K, used 691K [0x00000007aab00000, 0x00000007aad80000, 0x00000007c0000000)
  eden space 512K, 100% used [0x00000007aab00000,0x00000007aab80000,0x00000007aab80000)
  from space 1024K, 17% used [0x00000007aab80000,0x00000007aabacd60,0x00000007aac80000)
  to   space 1024K, 0% used [0x00000007aac80000,0x00000007aac80000,0x00000007aad80000)
 ParOldGen       total 64000K, used 1251K [0x0000000780000000, 0x0000000783e80000, 0x00000007aab00000)
  object space 64000K, 1% used [0x0000000780000000,0x0000000780138f90,0x0000000783e80000)
 Metaspace       used 5110K, capacity 5408K, committed 5504K, reserved 1056768K
  class space    used 563K, capacity 592K, committed 640K, reserved 1048576K
Event: 15.994 GC heap after
Heap after GC invocations=12 (full 0):
 PSYoungGen      total 1536K, used 192K [0x00000007aab00000, 0x00000007aad80000, 0x00000007c0000000)
  eden space 512K, 0% used [0x00000007aab00000,0x00000007aab00000,0x00000007aab80000)
  from space 1024K, 18% used [0x00000007aac80000,0x00000007aacb0000,0x00000007aad80000)
  to   space 1024K, 0% used [0x00000007aab80000,0x00000007aab80000,0x00000007aac80000)
 ParOldGen       total 64000K, used 1291K [0x0000000780000000, 0x0000000783e80000, 0x00000007aab00000)
  object space 64000K, 2% used [0x0000000780000000,0x0000000780142f90,0x0000000783e80000)
 Metaspace       used 5110K, capacity 5408K, committed 5504K, reserved 1056768K
  class space    used 563K, capacity 592K, committed 640K, reserved 1048576K
}

